2025-01-16 14:31:15 - INFO - Row 2: Successfully imported attendance record for LUIZE MHAUREEN MATUNAN LOZADA
2025-01-16 14:31:15 - INFO - Row 3: Successfully imported attendance record for ALLIAH PAAï¿½O DAQUIZ
2025-01-16 14:31:15 - INFO - Row 4: Successfully imported attendance record for ASHLEE KATE REBULTAN BASA
2025-01-16 14:31:15 - INFO - Row 5: Successfully imported attendance record for CRISTY JANEEL BANDALES AVENIDO
2025-01-16 14:31:15 - INFO - Row 6: Successfully imported attendance record for BRIX KLARENCE MORALES LEONCIO
2025-01-16 14:31:15 - INFO - Row 7: Successfully imported attendance record for STEPHANIE CLIEO LAGAMIA CRUZ
2025-01-16 14:31:15 - INFO - Row 8: Successfully imported attendance record for CLAIRE ANN BIMOS GONZALES
2025-01-16 14:31:15 - INFO - Row 9: Successfully imported attendance record for RAINIER CAPINPIN MANGULABNAN
2025-01-16 14:31:16 - INFO - Row 10: Successfully imported attendance record for REYNALYN HERRERA AQUINO
2025-01-16 14:31:16 - INFO - Row 11: Successfully imported attendance record for TRICIA MAE FAJARDO BARRERA
2025-01-16 14:31:16 - INFO - Row 12: Successfully imported attendance record for JOHN MARVELOUS YPIL BUENO
2025-01-16 14:31:16 - INFO - Row 13: Successfully imported attendance record for MARK BRIAN BERNARDO HERNANDEZ
2025-01-16 14:31:16 - INFO - Row 14: Successfully imported attendance record for LUKE ANDREW BATO OCAMPO
2025-01-16 14:31:16 - INFO - Row 15: Successfully imported attendance record for LEOVILYN HEART LAPITAN CASTILLO
2025-01-16 14:31:16 - INFO - Row 16: Successfully imported attendance record for SWEET CASHMERE BRIEVA REYES
2025-01-16 14:31:16 - INFO - Row 17: Successfully imported attendance record for JOHN CLEVEN MUSA VALLARTA
2025-01-16 14:31:16 - INFO - Row 18: Successfully imported attendance record for MARY TIFFANY ANN SAMIN NICOLAS
2025-01-16 14:31:16 - INFO - Row 19: Successfully imported attendance record for ADRIAN PUNLA MESINA
2025-01-16 14:31:16 - INFO - Row 20: Successfully imported attendance record for BERNARD BALLESTEROS DUCA
2025-01-16 14:31:16 - INFO - Row 21: Successfully imported attendance record for AVELINO BAGUISA CABUNGCAL
2025-01-16 14:31:17 - INFO - Row 22: Successfully imported attendance record for JHERINE MAE ORTIZ APONTE
2025-01-16 14:31:17 - INFO - Row 23: Successfully imported attendance record for ROELLA JADE - SARMIENTO
2025-01-16 14:31:17 - INFO - Row 24: Successfully imported attendance record for JEANELLE JULIAN YAMBOT
2025-01-16 14:31:17 - INFO - Row 25: Successfully imported attendance record for JILLEAN GRACE CARPIO GATUZ
2025-01-16 14:31:17 - INFO - Row 26: Successfully imported attendance record for DAPHNE TORRES PANGILINAN
2025-01-16 14:31:17 - INFO - Row 27: Successfully imported attendance record for ALEXANDRA BAUTISTA PANGILINAN
2025-01-16 14:31:17 - INFO - Row 28: Successfully imported attendance record for LUIZE MHAUREEN MATUNAN LOZADA
2025-01-16 14:31:17 - INFO - Row 29: Successfully imported attendance record for REGINA JOY GARCIA SANTOS
2025-01-16 14:31:17 - INFO - Row 30: Successfully imported attendance record for RIZA MAE PANGILINAN VILLEGAS
2025-01-16 14:31:17 - INFO - Row 31: Successfully imported attendance record for LAILA DE BELEN SANTOS
2025-01-16 14:31:17 - INFO - Row 32: Successfully imported attendance record for RACHEL VILLAMAR JALOVA
2025-01-16 14:31:18 - INFO - Row 33: Successfully imported attendance record for CLARENCE ARDY PARAS SARMIENTO
2025-01-16 14:31:18 - INFO - Row 34: Successfully imported attendance record for SHEKYNA GRACE DELA CRUZ HERNANDEZ
2025-01-16 14:31:18 - INFO - Row 35: Successfully imported attendance record for AYESHA ELENA GHILES CALMA TAÑADA
2025-01-16 14:31:18 - INFO - Row 36: Successfully imported attendance record for MARVIN PABLO DELA CRUZ
2025-01-16 14:31:18 - INFO - Row 37: Successfully imported attendance record for ARIEL JOHN HERRERA SIGUA
2025-01-16 14:31:18 - INFO - Row 38: Successfully imported attendance record for ERICA DEQUIï¿½A CARALINAN
2025-01-16 14:31:18 - INFO - Row 39: Successfully imported attendance record for CHEENEE ANN DAQUIZ PANAHON
2025-01-16 14:31:18 - INFO - Row 40: Successfully imported attendance record for JOHN JOSHUA DIAZ CABE
2025-01-16 14:31:18 - INFO - Row 41: Successfully imported attendance record for DENNISE DUNGAO PALON
2025-01-16 14:31:18 - INFO - Row 42: Successfully imported attendance record for ROMALY SANTILLAN OQUINDO
2025-01-16 14:31:19 - INFO - Row 43: Successfully imported attendance record for LESLEE ROSE PINGOL QUILANTANG
2025-01-16 14:31:19 - INFO - Row 44: Successfully imported attendance record for RODGE EXY DELA CRUZ GABRIEL
2025-01-16 14:31:19 - INFO - Row 45: Successfully imported attendance record for JULLIANE JADE CARILLO PAGUIO
2025-01-16 14:31:19 - INFO - Row 46: Successfully imported attendance record for JHENELLE HEIZEL DE GUZMAN DIZON
2025-01-16 14:31:20 - INFO - Row 47: Successfully imported attendance record for JEREMY VALLARTA PABLO
2025-01-16 14:31:20 - INFO - Row 48: Successfully imported attendance record for JANN PATRICK PASCUAL ALOVER
2025-01-16 14:31:20 - INFO - Row 49: Successfully imported attendance record for AMBRICHIRUS CONSTANTINO LACANILAO
2025-01-16 14:31:20 - INFO - Row 50: Successfully imported attendance record for JENINA ARIELLE DE GUZMAN CABRERA
2025-01-16 14:31:20 - INFO - Row 51: Successfully imported attendance record for CHARMAINE DE LUNA PASCUAL
2025-01-16 14:31:20 - INFO - Row 52: Successfully imported attendance record for MA. MARGRETH VILLANUEVA FEDELINO
2025-01-16 14:31:20 - INFO - Row 53: Successfully imported attendance record for VANESSA LOIS SILVA AGUILAR
2025-01-16 14:31:20 - INFO - Row 54: Successfully imported attendance record for LEAZMIN TAYAO RAYO
2025-01-16 14:31:21 - INFO - Row 55: Successfully imported attendance record for JOBET FRANCISCO GUTIERREZ
2025-01-16 14:31:21 - INFO - Row 56: Successfully imported attendance record for RICHS FRANCIS REYNOSO ESPERA
2025-01-16 14:31:21 - INFO - Row 57: Successfully imported attendance record for RODALYN DUYON SANTIAGO
2025-01-16 14:31:21 - INFO - Row 58: Successfully imported attendance record for PATRICIA MAY CUCIO DIAMANTE
2025-01-16 14:31:21 - INFO - Row 59: Successfully imported attendance record for HASHINE KAYMHE - TARUC
2025-01-16 14:31:21 - INFO - Row 60: Successfully imported attendance record for XEAN DAVID MOYA AGUILAR
2025-01-16 14:31:22 - INFO - Row 61: Successfully imported attendance record for JHIAN RUSSELL FRANCISCO DIZON
2025-01-16 14:31:22 - INFO - Row 62: Successfully imported attendance record for ASHANTI - EVANGELISTA
2025-01-16 14:31:22 - INFO - Row 63: Successfully imported attendance record for DANICA BUSTAMANTE MANALASTAS
2025-01-16 14:31:22 - INFO - Row 64: Successfully imported attendance record for KRYZHANE DAPNE GELLA BARLESO
2025-01-16 14:31:22 - INFO - Row 65: Successfully imported attendance record for MARY GRACE SANTIAGO GURIMBAO
2025-01-16 14:31:22 - INFO - Row 66: Successfully imported attendance record for LORD KIM GANTANG DELA CRUZ
2025-01-16 14:31:22 - INFO - Row 67: Successfully imported attendance record for WHAINE MARY TINIO ABESAMIS
2025-01-16 14:31:22 - INFO - Row 68: Successfully imported attendance record for NURHACIEL MANALILI BAIN
2025-01-16 14:31:22 - INFO - Row 69: Successfully imported attendance record for JOSHUA MIGUEL GABRIEL GARCIA
2025-01-16 14:31:22 - INFO - Row 70: Successfully imported attendance record for CATRINA ANNE CABANDING BAGAN
2025-01-16 14:31:23 - INFO - Row 71: Successfully imported attendance record for SHINE DE BELEN DE GUZMAN
2025-01-16 14:31:23 - INFO - Row 72: Successfully imported attendance record for REGINE CABRERA REYES
2025-01-16 14:31:23 - INFO - Row 73: Successfully imported attendance record for PAUL ANGELO HIZON BONDOC
2025-01-16 14:31:23 - INFO - Row 74: Successfully imported attendance record for MARK KERVIE DE GUZMAN DELOS SANTOS
2025-01-16 14:31:23 - INFO - Row 75: Successfully imported attendance record for JERIC - MARTINEZ
2025-01-16 14:31:23 - INFO - Row 76: Successfully imported attendance record for JOHN BENEDICT SORIENTE PANGILINAN
2025-01-16 14:31:23 - INFO - Row 77: Successfully imported attendance record for PHIELLE MARILEN CONSTANTINO PACHECO
2025-01-16 14:31:23 - INFO - Row 78: Successfully imported attendance record for RODELYN RECALDE BUGAYON
2025-01-16 14:31:23 - INFO - Row 79: Successfully imported attendance record for ALEXANDRA NAPAWIT GUTIERREZ
2025-01-16 14:31:24 - INFO - Row 80: Successfully imported attendance record for CRISSALYN DELA PEï¿½A SANTOS
2025-01-16 14:31:24 - INFO - Row 81: Successfully imported attendance record for NOELA ANDREA NICOLAS CONSTANTINO
2025-01-16 14:31:24 - INFO - Row 82: Successfully imported attendance record for MICA ELLA LANDOY SAMIN
2025-01-16 14:31:24 - INFO - Row 83: Successfully imported attendance record for GIOVANNI BRIONES DELA CRUZ
2025-01-16 14:31:24 - INFO - Row 84: Successfully imported attendance record for MAERINE DEL.A CRUZ REYES
2025-01-16 14:31:24 - INFO - Row 85: Successfully imported attendance record for JIANN ISABELLE SAMBAT REYES
2025-01-16 14:31:24 - INFO - Row 86: Successfully imported attendance record for SOFIA ISABELLE MONTAÑEZ BLAS
2025-01-16 14:31:24 - INFO - Row 87: Successfully imported attendance record for SAMANTHA NICOLE DIMLA BRIZO
2025-01-16 14:31:24 - INFO - Row 88: Successfully imported attendance record for LOUISE ANGELIQUE BASILIO MATIAS
2025-01-16 14:31:24 - INFO - Row 89: Successfully imported attendance record for JUAN MIGUEL BUENO BURAYAG
2025-01-16 14:31:24 - INFO - Row 90: Successfully imported attendance record for RYZA NICOLE ESTRELLA LAPUZ
2025-01-16 14:31:25 - INFO - Row 91: Successfully imported attendance record for LARAH JANE PASCUAL BELEY
2025-01-16 14:31:25 - INFO - Row 92: Successfully imported attendance record for EUNICE LEI STA MARIA SANTIAGO
2025-01-16 14:31:25 - INFO - Row 93: Successfully imported attendance record for FRANCES LOUISE ESQUILLA ESPEJO
2025-01-16 14:31:25 - INFO - Row 94: Successfully imported attendance record for LOREN FRANCISCO GUEVARRA
2025-01-16 14:31:25 - INFO - Row 95: Successfully imported attendance record for ANGEL CALAGNAS AQUINO
2025-01-16 14:31:25 - INFO - Row 96: Successfully imported attendance record for IVAN JERALD DUNGCA TAMPUS
2025-01-16 14:31:25 - INFO - Row 97: Successfully imported attendance record for IVAN SARILLA DELA CRUZ
2025-01-16 14:31:25 - INFO - Row 98: Successfully imported attendance record for REYNALYN MATIAS PANGYARIHAN
2025-01-16 14:31:25 - INFO - Row 99: Successfully imported attendance record for JHONARD VINCENT FRANCISCO MIRANDA
2025-01-16 14:31:25 - INFO - Row 100: Successfully imported attendance record for ANGELO MONTES VIRGINES
2025-01-16 14:31:26 - INFO - Row 101: Successfully imported attendance record for ELLAIZA KAREL BRUTAS CENTENO
2025-01-16 14:31:26 - INFO - Row 102: Successfully imported attendance record for MICA ALESSANDRA CAMUS GARCIA
2025-01-16 14:31:26 - INFO - Row 103: Successfully imported attendance record for MARK LAREN DEL MUNDO VILLAROZA
2025-01-16 14:31:26 - INFO - Row 104: Successfully imported attendance record for KRISTINE CLAIRE IGNACIO CRISOSTOMO
2025-01-16 14:31:26 - INFO - Row 105: Successfully imported attendance record for RUSSEL KENN TAN MORALES
2025-01-16 14:31:26 - INFO - Row 106: Successfully imported attendance record for ALTHEA MAXINE PALLARCA CASINO
2025-01-16 14:31:26 - INFO - Row 107: Successfully imported attendance record for SIENNA PAYABYAB DIZON
2025-01-16 14:31:26 - INFO - Row 108: Successfully imported attendance record for MELIZA JOY ANNE CONDEZA PATRICIO
2025-01-16 14:31:26 - INFO - Row 109: Successfully imported attendance record for CRIZALYN CABREDO IGNACIO
2025-01-16 14:31:26 - INFO - Row 110: Successfully imported attendance record for ANGELINE ALCANTARA SALACOP
2025-01-16 14:31:26 - INFO - Row 111: Successfully imported attendance record for MA. LOURDES SANTAYGILLO DE GUZMAN
2025-01-16 14:31:27 - INFO - Row 112: Successfully imported attendance record for CHEENEE ANN DAQUIZ PANAHON
2025-01-16 14:31:27 - INFO - Row 113: Successfully imported attendance record for BEA CATALAN VELASQUEZ
2025-01-16 14:31:27 - INFO - Row 114: Successfully imported attendance record for ANA MARIE SALIMBAGAT MALINAO
2025-01-16 14:31:27 - INFO - Row 115: Successfully imported attendance record for BEA PATRICE DOMINGO LOPE
2025-01-16 14:31:27 - INFO - Row 116: Successfully imported attendance record for DONNA HINUNDAYAN DE RUEDA
2025-01-16 14:31:27 - INFO - Row 117: Successfully imported attendance record for ARIEL JOHN HERRERA SIGUA
2025-01-16 14:31:27 - INFO - Row 118: Successfully imported attendance record for ERICA DEQUIï¿½A CARALINAN
2025-01-16 14:31:27 - INFO - Row 119: Successfully imported attendance record for JOHN JOSEPH RUIZ GARCIA
2025-01-16 14:31:27 - INFO - Row 120: Successfully imported attendance record for ROBERT JOHANNES SIMBILIO CANAYA
2025-01-16 14:31:27 - INFO - Row 121: Successfully imported attendance record for KYLE BRYAN SIOQUIN ISON
2025-01-16 14:31:28 - INFO - Row 122: Successfully imported attendance record for KYLE BRYAN SIOQUIN ISON
2025-01-16 14:31:28 - INFO - Row 123: Successfully imported attendance record for ARGELENE TIMBOL ANGELES
2025-01-16 14:31:28 - INFO - Row 124: Successfully imported attendance record for ALEXANDRA BAUTISTA PANGILINAN
2025-01-16 14:31:28 - INFO - Row 125: Successfully imported attendance record for SAIRAH SANTOS BOLIVAR
2025-01-16 14:31:28 - INFO - Row 126: Successfully imported attendance record for EMMANUELA ARCANGEL BANDIOLA
2025-01-16 14:31:28 - INFO - Row 127: Successfully imported attendance record for ALYSSA JEAN CASTOR REYES
2025-01-16 14:31:28 - INFO - Row 128: Successfully imported attendance record for WENCIE BOSAS MAGNO
2025-01-16 14:31:28 - INFO - Row 129: Successfully imported attendance record for RACHELLE COLLANTES YU
2025-01-16 14:31:28 - INFO - Row 130: Successfully imported attendance record for PHAYNE ALDRICH GANNABAN ESPAï¿½OLA
2025-01-16 14:31:29 - INFO - Row 131: Successfully imported attendance record for ALLYSON MOZO CAYMO
2025-01-16 14:31:29 - INFO - Row 132: Successfully imported attendance record for DIANA ELIZABETH DUNGAO DE LEON
2025-01-16 14:31:29 - INFO - Row 133: Successfully imported attendance record for LUDY MAE BAGASBAS CONCEPCION
2025-01-16 14:31:29 - INFO - Row 134: Successfully imported attendance record for MIKAELA VENICE DAYAO MARIGMEN
2025-01-16 14:31:29 - INFO - Row 135: Successfully imported attendance record for ASHLEY ABADA ALINIO
2025-01-16 14:31:29 - INFO - Row 136: Successfully imported attendance record for SIENNA PAYABYAB DIZON
2025-01-16 14:31:29 - INFO - Row 137: Successfully imported attendance record for NADINE DELA CRUZ VICTORIO
2025-01-16 14:31:29 - INFO - Row 138: Successfully imported attendance record for RICA - LLANITA
2025-01-16 14:31:29 - INFO - Row 139: Successfully imported attendance record for Mark Ruzzel Bal GAVINO
2025-01-16 14:31:29 - INFO - Row 140: Successfully imported attendance record for JASPHER LLOYD CARPIO REYES
2025-01-16 14:31:29 - INFO - Row 141: Successfully imported attendance record for JENINA BUNDOC HALILI
2025-01-16 14:31:30 - INFO - Row 142: Successfully imported attendance record for MARIA ELIZABETH MANGADAP CAUSON
2025-01-16 14:31:30 - INFO - Row 143: Successfully imported attendance record for MA. CONSUELO NICOLAS BITANGCOL
2025-01-16 14:31:30 - INFO - Row 144: Successfully imported attendance record for ANNA CLARRISE GARCIA MORDIDO
2025-01-16 14:31:30 - INFO - Row 145: Successfully imported attendance record for MA. GRACE JOY REYES BUENAVENTURA
2025-01-16 14:31:30 - INFO - Row 146: Successfully imported attendance record for SEAN NYCKO SABADO BUSALPA
2025-01-16 14:31:30 - INFO - Row 147: Successfully imported attendance record for KIM ASHLEY SALAMANTE ASCAÑO
2025-01-16 14:31:30 - INFO - Row 148: Successfully imported attendance record for RYANA CATHLENE ALQUIROZ DIAZ
2025-01-16 14:31:30 - INFO - Row 149: Successfully imported attendance record for LARYLLE LEI RIVERA ELIPANE
2025-01-16 14:31:30 - INFO - Row 150: Successfully imported attendance record for JOHN LLOYD - DE LEON
2025-01-16 14:31:30 - INFO - Row 151: Successfully imported attendance record for STEPHANIE CLIEO LAGAMIA CRUZ
2025-01-16 14:31:31 - INFO - Row 152: Successfully imported attendance record for AIRA MAE GALLEON MALLARE
2025-01-16 14:31:31 - INFO - Row 153: Successfully imported attendance record for SHAIRA MAE DEL PIï¿½ADO BULANAN
2025-01-16 14:31:31 - INFO - Row 154: Successfully imported attendance record for GJ KRASHANA AQUINO FLORES
2025-01-16 14:31:31 - INFO - Row 155: Successfully imported attendance record for ROSELYN MAE SANTIAGO NECOR
2025-01-16 14:31:31 - INFO - Row 156: Successfully imported attendance record for JAN ALLEN FLORES PESTAï¿½O
2025-01-16 14:31:31 - INFO - Row 157: Successfully imported attendance record for REYNALD SANTIAGO VELASQUEZ
2025-01-16 14:31:31 - INFO - Row 158: Successfully imported attendance record for SHARMAINE GLODO CRESPO
2025-01-16 14:31:31 - INFO - Row 159: Successfully imported attendance record for LED BINUYA BAUTISTA
2025-01-16 14:31:31 - INFO - Row 160: Successfully imported attendance record for KYLE ABBY REYES CENSON
2025-01-16 14:31:31 - INFO - Row 161: Successfully imported attendance record for JOHN DAVE LIBATO MACARAEG
2025-01-16 14:31:31 - INFO - Row 162: Successfully imported attendance record for CHARMAINE DE LUNA PASCUAL
2025-01-16 14:31:32 - INFO - Row 163: Successfully imported attendance record for GERALDINE TE MANA
2025-01-16 14:31:32 - INFO - Row 164: Successfully imported attendance record for BRIDGE ASHLEE DE JESUS RAMOS
2025-01-16 14:31:32 - INFO - Row 165: Successfully imported attendance record for RHIAN ALIYAH SALVADOR BALUYUT
2025-01-16 14:31:32 - INFO - Row 166: Successfully imported attendance record for KRYSTIAN LOVEJOY ENCARNACION OBOZA
2025-01-16 14:31:32 - INFO - Row 167: Successfully imported attendance record for JOSE ANDREI PALON REYES
2025-01-16 14:31:32 - INFO - Row 168: Successfully imported attendance record for ALEXA NICOLE SEBASTIAN MACATULA
2025-01-16 14:31:32 - INFO - Row 169: Successfully imported attendance record for AIRAH JANINE MINA MIRANDA
2025-01-16 14:31:32 - INFO - Row 170: Successfully imported attendance record for RUSSEL MACAPAS DIZON
2025-01-16 14:31:32 - INFO - Row 171: Successfully imported attendance record for JOANA BIANCA SANTOS MANGALINAO
2025-01-16 14:31:32 - INFO - Row 172: Successfully imported attendance record for AICA RAE GARCIA MACAPAGAL
2025-01-16 14:31:33 - INFO - Row 173: Successfully imported attendance record for Laizy Lyn Castro ALARILLA
2025-01-16 14:31:33 - INFO - Row 174: Successfully imported attendance record for Nery Rose Mayuyo REYES
2025-01-16 14:31:33 - INFO - Row 175: Successfully imported attendance record for LARAH JANE PASCUAL BELEY
2025-01-16 14:31:33 - INFO - Row 176: Successfully imported attendance record for CYRIN - SOLEDAD
2025-01-16 14:31:33 - INFO - Row 177: Successfully imported attendance record for LAWRENCE BUAN PINGOL
2025-01-16 14:31:33 - INFO - Row 178: Successfully imported attendance record for ENRICKO DAVID DE GUZMAN OLI
2025-01-16 14:31:33 - INFO - Row 179: Successfully imported attendance record for APRIL FRANCISCO ELIPANE
2025-01-16 14:31:33 - INFO - Row 180: Successfully imported attendance record for PETER EMMANUEL LACAMBRA LOPEZ
2025-01-16 14:31:33 - INFO - Row 181: Successfully imported attendance record for PETER EMMANUEL LACAMBRA LOPEZ
2025-01-16 14:31:33 - INFO - Row 182: Successfully imported attendance record for CYRILLE GARCIA SAGUM
2025-01-16 14:31:34 - INFO - Row 183: Successfully imported attendance record for JANECZKAH MAGNO DELIQUIANO
2025-01-16 14:31:34 - INFO - Row 184: Successfully imported attendance record for ELYZA FETALVERO MANALASTAS
2025-01-16 14:31:34 - INFO - Row 185: Successfully imported attendance record for LESTER KIM GUINTO PASCUAL
2025-01-16 14:31:34 - INFO - Row 186: Successfully imported attendance record for Michael Jhon De Guzman ALONZO
2025-01-16 14:31:34 - INFO - 
Import Summary:
2025-01-16 14:31:34 - INFO - Total successful imports: 185
2025-01-16 14:31:34 - INFO - Total failed imports: 0
